<?xml version="1.0" encoding="UTF-8"?>
<testsuite xmlns:xsi="http://www.w3.org/2001/XMLSchema-instance" xsi:noNamespaceSchemaLocation="https://maven.apache.org/surefire/maven-surefire-plugin/xsd/surefire-test-report.xsd" version="3.0.2" name="com.cetpa.DemoApplicationTests" time="8.525" tests="1" errors="0" skipped="0" failures="0">
  <properties>
[...]
</properties>
  <testcase name="contextLoads" classname="com.cetpa.DemoApplicationTests" time="1.897">
    <system-out><![CDATA[23:56:22.599 [main] INFO org.springframework.test.context.support.AnnotationConfigContextLoaderUtils -- Could not detect default configuration classes for test class [com.cetpa.DemoApplicationTests]: DemoApplicationTests does not declare any static, non-private, non-final, nested classes annotated with @Configuration.
23:56:22.980 [main] INFO org.springframework.boot.test.context.SpringBootTestContextBootstrapper -- Found @SpringBootConfiguration com.cetpa.DemoApplication for test class com.cetpa.DemoApplicationTests

  .   ____          _            __ _ _
 /\\ / ___'_ __ _ _(_)_ __  __ _ \ \ \ \
( ( )\___ | '_ | '_| | '_ \/ _` | \ \ \ \
 \\/  ___)| |_)| | | | | || (_| |  ) ) ) )
  '  |____| .__|_| |_|_| |_\__, | / / / /
 =========|_|==============|___/=/_/_/_/

 :: Spring Boot ::                (v3.4.3)

2025-06-11T23:56:24.351+05:30  INFO 10324 --- [deploy-spring-boot-webapp] [           main] com.cetpa.DemoApplicationTests           : Starting DemoApplicationTests using Java 21.0.7 with PID 10324 (started by bnlv1 in E:\production\deploy-spring-boot-webapp)
2025-06-11T23:56:24.358+05:30  INFO 10324 --- [deploy-spring-boot-webapp] [           main] com.cetpa.DemoApplicationTests           : No active profile set, falling back to 1 default profile: "default"
2025-06-11T23:56:28.406+05:30  WARN 10324 --- [deploy-spring-boot-webapp] [           main] ion$DefaultTemplateResolverConfiguration : Cannot find template location: classpath:/templates/ (please add some templates, check your Thymeleaf configuration, or set spring.thymeleaf.check-template-location=false)
2025-06-11T23:56:28.667+05:30  INFO 10324 --- [deploy-spring-boot-webapp] [           main] com.cetpa.DemoApplicationTests           : Started DemoApplicationTests in 5.214 seconds (process running for 8.358)
]]></system-out>
    <system-err><![CDATA[Mockito is currently self-attaching to enable the inline-mock-maker. This will no longer work in future releases of the JDK. Please add Mockito as an agent to your build what is described in Mockito's documentation: https://javadoc.io/doc/org.mockito/mockito-core/latest/org/mockito/Mockito.html#0.3
WARNING: A Java agent has been loaded dynamically (C:\Users\bnlv1\.m2\repository\net\bytebuddy\byte-buddy-agent\1.15.11\byte-buddy-agent-1.15.11.jar)
WARNING: If a serviceability tool is in use, please run with -XX:+EnableDynamicAgentLoading to hide this warning
WARNING: If a serviceability tool is not in use, please run with -Djdk.instrument.traceUsage for more information
WARNING: Dynamic loading of agents will be disallowed by default in a future release
]]></system-err>
  </testcase>
</testsuite>